<?xml version="1.0" encoding="UTF-8"?>
<testng-results ignored="0" total="1" passed="1" failed="0" skipped="0">
  <reporter-output>
    <line>
      <![CDATA[Browser is launched]]>
    </line>
    <line>
      <![CDATA[Products page is displayed]]>
    </line>
    <line>
      <![CDATA[User entered correct recipient name]]>
    </line>
    <line>
      <![CDATA[User entered correct recipient email]]>
    </line>
    <line>
      <![CDATA[User added a product to wish list button]]>
    </line>
  </reporter-output>
  <suite started-at="2024-03-11T16:09:32 IST" name="Default suite" finished-at="2024-03-11T16:09:44 IST" duration-ms="12792">
    <groups>
    </groups>
    <test started-at="2024-03-11T16:09:32 IST" name="Default test" finished-at="2024-03-11T16:09:44 IST" duration-ms="12792">
      <class name="testCases.AddToWishListTest">
        <test-method is-config="true" signature="launchBrowser(java.lang.String)[pri:0, instance:testCases.AddToWishListTest@1750fbeb]" started-at="2024-03-11T16:09:32 IST" name="launchBrowser" finished-at="2024-03-11T16:09:37 IST" duration-ms="5575" status="PASS">
          <params>
            <param index="0">
              <value>
                <![CDATA[chrome]]>
              </value>
            </param>
          </params>
          <reporter-output>
            <line>
              <![CDATA[Browser is launched]]>
            </line>
          </reporter-output>
        </test-method> <!-- launchBrowser -->
        <test-method is-config="true" signature="login()[pri:0, instance:testCases.AddToWishListTest@1750fbeb]" started-at="2024-03-11T16:09:37 IST" name="login" finished-at="2024-03-11T16:09:39 IST" duration-ms="1696" status="PASS">
          <reporter-output>
          </reporter-output>
        </test-method> <!-- login -->
        <test-method signature="addToWishList()[pri:0, instance:testCases.AddToWishListTest@1750fbeb]" started-at="2024-03-11T16:09:39 IST" name="addToWishList" finished-at="2024-03-11T16:09:43 IST" duration-ms="4110" status="PASS">
          <reporter-output>
            <line>
              <![CDATA[Products page is displayed]]>
            </line>
            <line>
              <![CDATA[User entered correct recipient name]]>
            </line>
            <line>
              <![CDATA[User entered correct recipient email]]>
            </line>
            <line>
              <![CDATA[User added a product to wish list button]]>
            </line>
          </reporter-output>
        </test-method> <!-- addToWishList -->
        <test-method is-config="true" signature="logout()[pri:0, instance:testCases.AddToWishListTest@1750fbeb]" started-at="2024-03-11T16:09:43 IST" name="logout" finished-at="2024-03-11T16:09:44 IST" duration-ms="999" status="PASS">
          <reporter-output>
          </reporter-output>
        </test-method> <!-- logout -->
        <test-method is-config="true" signature="quit()[pri:0, instance:testCases.AddToWishListTest@1750fbeb]" started-at="2024-03-11T16:09:44 IST" name="quit" finished-at="2024-03-11T16:09:44 IST" duration-ms="375" status="PASS">
          <reporter-output>
          </reporter-output>
        </test-method> <!-- quit -->
      </class> <!-- testCases.AddToWishListTest -->
    </test> <!-- Default test -->
  </suite> <!-- Default suite -->
</testng-results>
